<component name="libraryTable">
  <library name="junit:junit-dep:4.6" type="repository">
    <properties maven-id="junit:junit-dep:4.6" />
    <CLASSES>
      <root url="jar://$MAVEN_REPOSITORY$/junit/junit-dep/4.6/junit-dep-4.6.jar!/" />
      <root url="jar://$MAVEN_REPOSITORY$/org/hamcrest/hamcrest-core/1.1/hamcrest-core-1.1.jar!/" />
    </CLASSES>
    <JAVADOC />
    <SOURCES />
  </library>
</component>